<?xml version="1.0" encoding="UTF-8"?>
<testng-results ignored="0" total="1" passed="1" failed="0" skipped="0">
  <reporter-output>
  </reporter-output>
  <suite started-at="2026-07-22T15:28:13 IST" name="Default suite" finished-at="2026-07-22T15:28:14 IST" duration-ms="1044">
    <groups>
    </groups>
    <test started-at="2026-07-22T15:28:13 IST" name="Default test" finished-at="2026-07-22T15:28:14 IST" duration-ms="1044">
      <class name="com.JDBC.Connection.DatabaseTesting">
        <test-method signature="establishDatabaseConnection()[pri:0, instance:com.JDBC.Connection.DatabaseTesting@6f43c82]" started-at="2026-07-22T15:28:13 IST" name="establishDatabaseConnection" finished-at="2026-07-22T15:28:14 IST" duration-ms="874" status="PASS">
          <reporter-output>
          </reporter-output>
        </test-method> <!-- establishDatabaseConnection -->
      </class> <!-- com.JDBC.Connection.DatabaseTesting -->
    </test> <!-- Default test -->
  </suite> <!-- Default suite -->
</testng-results>
