<?xml version="1.0" encoding="UTF-8"?>
<testng-results ignored="0" total="1" passed="1" failed="0" skipped="0">
  <reporter-output>
  </reporter-output>
  <suite started-at="2026-07-18T14:21:25 IST" name="Default suite" finished-at="2026-07-18T14:21:32 IST" duration-ms="6916">
    <groups>
    </groups>
    <test started-at="2026-07-18T14:21:25 IST" name="Default test" finished-at="2026-07-18T14:21:32 IST" duration-ms="6916">
      <class name="com.Easycalculation.TestCases.ExecuteLoginPage">
        <test-method signature="CheckValidUser()[pri:0, instance:com.Easycalculation.TestCases.ExecuteLoginPage@34bde49d]" started-at="2026-07-18T14:21:25 IST" name="CheckValidUser" finished-at="2026-07-18T14:21:31 IST" duration-ms="6644" status="PASS">
          <reporter-output>
          </reporter-output>
        </test-method> <!-- CheckValidUser -->
      </class> <!-- com.Easycalculation.TestCases.ExecuteLoginPage -->
    </test> <!-- Default test -->
  </suite> <!-- Default suite -->
</testng-results>
