<?xml version="1.0" encoding="UTF-8"?>
<testng-results ignored="0" total="1" passed="1" failed="0" skipped="0">
  <reporter-output>
  </reporter-output>
  <suite started-at="2026-07-20T09:39:18 IST" name="Default suite" finished-at="2026-07-20T09:39:58 IST" duration-ms="39716">
    <groups>
    </groups>
    <test started-at="2026-07-20T09:39:18 IST" name="Default test" finished-at="2026-07-20T09:39:58 IST" duration-ms="39716">
      <class name="com.ScreenShots_TaskCaseStudies.ScreenshotExampleTask81">
        <test-method signature="PurchaseProduct()[pri:0, instance:com.ScreenShots_TaskCaseStudies.ScreenshotExampleTask81@145f66e3]" started-at="2026-07-20T09:39:18 IST" name="PurchaseProduct" finished-at="2026-07-20T09:39:58 IST" duration-ms="39668" status="PASS">
          <reporter-output>
          </reporter-output>
        </test-method> <!-- PurchaseProduct -->
      </class> <!-- com.ScreenShots_TaskCaseStudies.ScreenshotExampleTask81 -->
    </test> <!-- Default test -->
  </suite> <!-- Default suite -->
</testng-results>
