<?xml version="1.0" encoding="UTF-8"?>
<testng-results ignored="0" total="1" passed="1" failed="0" skipped="0">
  <reporter-output>
  </reporter-output>
  <suite started-at="2026-07-17T10:52:42 IST" name="Default suite" finished-at="2026-07-17T10:53:09 IST" duration-ms="27573">
    <groups>
    </groups>
    <test started-at="2026-07-17T10:52:42 IST" name="Default test" finished-at="2026-07-17T10:53:09 IST" duration-ms="27573">
      <class name="listbox_or_dropdown_options.Selenium_Webdriver_dropdown_box">
        <test-method is-config="true" signature="setup()[pri:0, instance:listbox_or_dropdown_options.Selenium_Webdriver_dropdown_box@6c6cb480]" started-at="2026-07-17T10:52:42 IST" name="setup" finished-at="2026-07-17T10:52:48 IST" duration-ms="6571" status="PASS">
          <reporter-output>
          </reporter-output>
        </test-method> <!-- setup -->
        <test-method signature="DropDownList()[pri:0, instance:listbox_or_dropdown_options.Selenium_Webdriver_dropdown_box@6c6cb480]" started-at="2026-07-17T10:52:48 IST" name="DropDownList" finished-at="2026-07-17T10:53:09 IST" duration-ms="20760" status="PASS">
          <reporter-output>
          </reporter-output>
        </test-method> <!-- DropDownList -->
        <test-method is-config="true" signature="tearDown()[pri:0, instance:listbox_or_dropdown_options.Selenium_Webdriver_dropdown_box@6c6cb480]" started-at="2026-07-17T10:53:09 IST" name="tearDown" finished-at="2026-07-17T10:53:09 IST" duration-ms="188" status="PASS">
          <reporter-output>
          </reporter-output>
        </test-method> <!-- tearDown -->
      </class> <!-- listbox_or_dropdown_options.Selenium_Webdriver_dropdown_box -->
    </test> <!-- Default test -->
  </suite> <!-- Default suite -->
</testng-results>
