<?xml version="1.0" encoding="UTF-8"?>
<testng-results ignored="0" total="1" passed="1" failed="0" skipped="0">
  <reporter-output>
  </reporter-output>
  <suite started-at="2026-07-17T15:15:39 IST" name="Default suite" finished-at="2026-07-17T15:15:50 IST" duration-ms="11131">
    <groups>
    </groups>
    <test started-at="2026-07-17T15:15:39 IST" name="Default test" finished-at="2026-07-17T15:15:50 IST" duration-ms="11131">
      <class name="com.Count_no_of_radio_buttons.RadioButtonsTest">
        <test-method signature="Spicejet()[pri:0, instance:com.Count_no_of_radio_buttons.RadioButtonsTest@2b662a77]" started-at="2026-07-17T15:15:39 IST" name="Spicejet" finished-at="2026-07-17T15:15:50 IST" duration-ms="11101" status="PASS">
          <reporter-output>
          </reporter-output>
        </test-method> <!-- Spicejet -->
      </class> <!-- com.Count_no_of_radio_buttons.RadioButtonsTest -->
    </test> <!-- Default test -->
  </suite> <!-- Default suite -->
</testng-results>
