<?xml version="1.0" encoding="UTF-8"?>
<testng-results ignored="0" total="1" passed="1" failed="0" skipped="0">
  <reporter-output>
  </reporter-output>
  <suite started-at="2026-07-18T12:06:39 IST" name="Default suite" finished-at="2026-07-18T12:07:03 IST" duration-ms="23619">
    <groups>
    </groups>
    <test started-at="2026-07-18T12:06:39 IST" name="Default test" finished-at="2026-07-18T12:07:03 IST" duration-ms="23619">
      <class name="com.screenShotDemo.TestScreenShots1">
        <test-method signature="Browser()[pri:0, instance:com.screenShotDemo.TestScreenShots1@4c371370]" started-at="2026-07-18T12:06:39 IST" name="Browser" finished-at="2026-07-18T12:07:03 IST" duration-ms="23586" status="PASS">
          <reporter-output>
          </reporter-output>
        </test-method> <!-- Browser -->
      </class> <!-- com.screenShotDemo.TestScreenShots1 -->
    </test> <!-- Default test -->
  </suite> <!-- Default suite -->
</testng-results>
