<?xml version="1.0" encoding="UTF-8"?>
<testsuite xmlns:xsi="http://www.w3.org/2001/XMLSchema-instance" xsi:noNamespaceSchemaLocation="https://maven.apache.org/surefire/maven-surefire-plugin/xsd/surefire-test-report.xsd" version="3.0.2" name="com.Jenkins_CICD_DemoTest.Jenkins_CICD_Test" time="54.368" tests="7" errors="0" skipped="0" failures="0">
  <properties>
[...]
</properties>
  <testcase name="ChromeBrowserTest" classname="com.Jenkins_CICD_DemoTest.Jenkins_CICD_Test" time="5.771">
    <system-out><![CDATA[Home - Docs by LangChain
https://docs.langchain.com/
]]></system-out>
    <system-err><![CDATA[SLF4J(W): No SLF4J providers were found.
SLF4J(W): Defaulting to no-operation (NOP) logger implementation
SLF4J(W): See https://www.slf4j.org/codes.html#noProviders for further details.
Jul 21, 2026 11:16:32 AM org.openqa.selenium.devtools.CdpVersionFinder findNearestMatch
WARNING: Unable to find an exact match for CDP version 150, returning the closest version; found: 149; Please update to a Selenium version that supports CDP version 150
]]></system-err>
  </testcase>
  <testcase name="FirefoxBrowserTest" classname="com.Jenkins_CICD_DemoTest.Jenkins_CICD_Test" time="6.549"/>
  <testcase name="EdgeBrowserTest" classname="com.Jenkins_CICD_DemoTest.Jenkins_CICD_Test" time="3.712">
    <system-err><![CDATA[Jul 21, 2026 11:16:47 AM org.openqa.selenium.devtools.CdpVersionFinder findNearestMatch
WARNING: Unable to find an exact match for CDP version 150, returning the closest version; found: 149; Please update to a Selenium version that supports CDP version 150
]]></system-err>
  </testcase>
  <testcase name="ChromeBrowserTitleValidation" classname="com.Jenkins_CICD_DemoTest.Jenkins_CICD_Test" time="2.879">
    <system-out><![CDATA[Home - Docs by LangChain
]]></system-out>
    <system-err><![CDATA[Jul 21, 2026 11:16:51 AM org.openqa.selenium.devtools.CdpVersionFinder findNearestMatch
WARNING: Unable to find an exact match for CDP version 150, returning the closest version; found: 149; Please update to a Selenium version that supports CDP version 150
]]></system-err>
  </testcase>
  <testcase name="FirefoxBrowserTitleValidation" classname="com.Jenkins_CICD_DemoTest.Jenkins_CICD_Test" time="6.224">
    <system-out><![CDATA[Home - Docs by LangChain
]]></system-out>
  </testcase>
  <testcase name="EdgeBrowserTitleValidation" classname="com.Jenkins_CICD_DemoTest.Jenkins_CICD_Test" time="5.157">
    <system-out><![CDATA[Home - Docs by LangChain
]]></system-out>
    <system-err><![CDATA[Jul 21, 2026 11:17:01 AM org.openqa.selenium.devtools.CdpVersionFinder findNearestMatch
WARNING: Unable to find an exact match for CDP version 150, returning the closest version; found: 149; Please update to a Selenium version that supports CDP version 150
]]></system-err>
  </testcase>
  <testcase name="PurchaseProduct" classname="com.Jenkins_CICD_DemoTest.Jenkins_CICD_Test" time="17.08">
    <system-out><![CDATA[Step01_HomePage Screenshot Captured
Step02_Login Screenshot Captured
Step03_Product Screenshot Captured
Step04_AddToCart Screenshot Captured
Step05_Cart Screenshot Captured
Step06_OrderDetails Screenshot Captured
Confirmation : Thank you for your purchase!
Step07_Confirmation Screenshot Captured
Step08_Completed Screenshot Captured
]]></system-out>
    <system-err><![CDATA[Jul 21, 2026 11:17:06 AM org.openqa.selenium.devtools.CdpVersionFinder findNearestMatch
WARNING: Unable to find an exact match for CDP version 150, returning the closest version; found: 149; Please update to a Selenium version that supports CDP version 150
]]></system-err>
  </testcase>
</testsuite>