<?xml version="1.0" encoding="UTF-8"?>
<testng-results ignored="0" total="7" passed="7" failed="0" skipped="0">
  <reporter-output>
  </reporter-output>
  <suite started-at="2026-07-21T11:16:29 IST" name="Surefire suite" finished-at="2026-07-21T11:17:23 IST" duration-ms="53784">
    <groups>
    </groups>
    <test started-at="2026-07-21T11:16:29 IST" name="Surefire test" finished-at="2026-07-21T11:17:23 IST" duration-ms="53784">
      <class name="com.Jenkins_CICD_DemoTest.Jenkins_CICD_Test">
        <test-method signature="ChromeBrowserTest()[pri:0, instance:com.Jenkins_CICD_DemoTest.Jenkins_CICD_Test@29215f06]" started-at="2026-07-21T11:16:29 IST" name="ChromeBrowserTest" finished-at="2026-07-21T11:16:35 IST" duration-ms="5580" status="PASS">
          <reporter-output>
          </reporter-output>
        </test-method> <!-- ChromeBrowserTest -->
        <test-method is-config="true" signature="closeBrowser()[pri:0, instance:com.Jenkins_CICD_DemoTest.Jenkins_CICD_Test@29215f06]" started-at="2026-07-21T11:16:35 IST" name="closeBrowser" finished-at="2026-07-21T11:16:36 IST" duration-ms="338" status="PASS">
          <reporter-output>
          </reporter-output>
        </test-method> <!-- closeBrowser -->
        <test-method signature="FirefoxBrowserTest()[pri:1, instance:com.Jenkins_CICD_DemoTest.Jenkins_CICD_Test@29215f06]" started-at="2026-07-21T11:16:36 IST" name="FirefoxBrowserTest" finished-at="2026-07-21T11:16:42 IST" duration-ms="6336" status="PASS">
          <reporter-output>
          </reporter-output>
        </test-method> <!-- FirefoxBrowserTest -->
        <test-method is-config="true" signature="closeBrowser()[pri:0, instance:com.Jenkins_CICD_DemoTest.Jenkins_CICD_Test@29215f06]" started-at="2026-07-21T11:16:42 IST" name="closeBrowser" finished-at="2026-07-21T11:16:45 IST" duration-ms="3219" status="PASS">
          <reporter-output>
          </reporter-output>
        </test-method> <!-- closeBrowser -->
        <test-method signature="EdgeBrowserTest()[pri:2, instance:com.Jenkins_CICD_DemoTest.Jenkins_CICD_Test@29215f06]" started-at="2026-07-21T11:16:45 IST" name="EdgeBrowserTest" finished-at="2026-07-21T11:16:49 IST" duration-ms="3714" status="PASS">
          <reporter-output>
          </reporter-output>
        </test-method> <!-- EdgeBrowserTest -->
        <test-method is-config="true" signature="closeBrowser()[pri:0, instance:com.Jenkins_CICD_DemoTest.Jenkins_CICD_Test@29215f06]" started-at="2026-07-21T11:16:49 IST" name="closeBrowser" finished-at="2026-07-21T11:16:49 IST" duration-ms="296" status="PASS">
          <reporter-output>
          </reporter-output>
        </test-method> <!-- closeBrowser -->
        <test-method signature="ChromeBrowserTitleValidation()[pri:3, instance:com.Jenkins_CICD_DemoTest.Jenkins_CICD_Test@29215f06]" started-at="2026-07-21T11:16:49 IST" name="ChromeBrowserTitleValidation" finished-at="2026-07-21T11:16:52 IST" duration-ms="2875" status="PASS">
          <reporter-output>
          </reporter-output>
        </test-method> <!-- ChromeBrowserTitleValidation -->
        <test-method is-config="true" signature="closeBrowser()[pri:0, instance:com.Jenkins_CICD_DemoTest.Jenkins_CICD_Test@29215f06]" started-at="2026-07-21T11:16:52 IST" name="closeBrowser" finished-at="2026-07-21T11:16:52 IST" duration-ms="189" status="PASS">
          <reporter-output>
          </reporter-output>
        </test-method> <!-- closeBrowser -->
        <test-method signature="FirefoxBrowserTitleValidation()[pri:4, instance:com.Jenkins_CICD_DemoTest.Jenkins_CICD_Test@29215f06]" started-at="2026-07-21T11:16:52 IST" name="FirefoxBrowserTitleValidation" finished-at="2026-07-21T11:16:59 IST" duration-ms="6216" status="PASS">
          <reporter-output>
          </reporter-output>
        </test-method> <!-- FirefoxBrowserTitleValidation -->
        <test-method is-config="true" signature="closeBrowser()[pri:0, instance:com.Jenkins_CICD_DemoTest.Jenkins_CICD_Test@29215f06]" started-at="2026-07-21T11:16:59 IST" name="closeBrowser" finished-at="2026-07-21T11:17:00 IST" duration-ms="1225" status="PASS">
          <reporter-output>
          </reporter-output>
        </test-method> <!-- closeBrowser -->
        <test-method signature="EdgeBrowserTitleValidation()[pri:5, instance:com.Jenkins_CICD_DemoTest.Jenkins_CICD_Test@29215f06]" started-at="2026-07-21T11:17:00 IST" name="EdgeBrowserTitleValidation" finished-at="2026-07-21T11:17:05 IST" duration-ms="5150" status="PASS">
          <reporter-output>
          </reporter-output>
        </test-method> <!-- EdgeBrowserTitleValidation -->
        <test-method is-config="true" signature="closeBrowser()[pri:0, instance:com.Jenkins_CICD_DemoTest.Jenkins_CICD_Test@29215f06]" started-at="2026-07-21T11:17:05 IST" name="closeBrowser" finished-at="2026-07-21T11:17:05 IST" duration-ms="300" status="PASS">
          <reporter-output>
          </reporter-output>
        </test-method> <!-- closeBrowser -->
        <test-method signature="PurchaseProduct()[pri:6, instance:com.Jenkins_CICD_DemoTest.Jenkins_CICD_Test@29215f06]" started-at="2026-07-21T11:17:05 IST" name="PurchaseProduct" finished-at="2026-07-21T11:17:22 IST" duration-ms="17069" status="PASS">
          <reporter-output>
          </reporter-output>
        </test-method> <!-- PurchaseProduct -->
        <test-method is-config="true" signature="closeBrowser()[pri:0, instance:com.Jenkins_CICD_DemoTest.Jenkins_CICD_Test@29215f06]" started-at="2026-07-21T11:17:22 IST" name="closeBrowser" finished-at="2026-07-21T11:17:23 IST" duration-ms="763" status="PASS">
          <reporter-output>
          </reporter-output>
        </test-method> <!-- closeBrowser -->
      </class> <!-- com.Jenkins_CICD_DemoTest.Jenkins_CICD_Test -->
    </test> <!-- Surefire test -->
  </suite> <!-- Surefire suite -->
</testng-results>
