<?xml version="1.0" encoding="UTF-8"?>
<testng-results ignored="0" total="1" passed="1" failed="0" skipped="0">
  <reporter-output>
  </reporter-output>
  <suite started-at="2026-07-16T13:17:23 IST" name="Default suite" finished-at="2026-07-16T13:18:15 IST" duration-ms="52892">
    <groups>
    </groups>
    <test started-at="2026-07-16T13:17:23 IST" name="Default test" finished-at="2026-07-16T13:18:15 IST" duration-ms="52892">
      <class name="com.SeleniumWebDriver.LocatorsDemo.LinkTextandPartialLink">
        <test-method is-config="true" signature="setUp()[pri:0, instance:com.SeleniumWebDriver.LocatorsDemo.LinkTextandPartialLink@557caf28]" started-at="2026-07-16T13:17:23 IST" name="setUp" finished-at="2026-07-16T13:17:36 IST" duration-ms="13145" status="PASS">
          <reporter-output>
          </reporter-output>
        </test-method> <!-- setUp -->
        <test-method signature="linkTest()[pri:0, instance:com.SeleniumWebDriver.LocatorsDemo.LinkTextandPartialLink@557caf28]" started-at="2026-07-16T13:17:36 IST" name="linkTest" finished-at="2026-07-16T13:18:15 IST" duration-ms="39676" status="PASS">
          <reporter-output>
          </reporter-output>
        </test-method> <!-- linkTest -->
      </class> <!-- com.SeleniumWebDriver.LocatorsDemo.LinkTextandPartialLink -->
    </test> <!-- Default test -->
  </suite> <!-- Default suite -->
</testng-results>
