<?xml version="1.0" encoding="UTF-8"?>
<!-- Generated by org.testng.reporters.JUnitReportReporter -->
<testsuite hostname="MANISH_YADAV" failures="0" tests="3" name="com.WebDriver.Comments.BrowserURLexercise" time="121.052" errors="0" timestamp="2026-07-15T09:22:35 IST" skipped="0">
  <testcase classname="com.WebDriver.Comments.BrowserURLexercise" name="ChromeBrowserTest" time="6.959"/>
  <testcase classname="com.WebDriver.Comments.BrowserURLexercise" name="FirefoxBrowserTest" time="109.765"/>
  <testcase classname="com.WebDriver.Comments.BrowserURLexercise" name="EdgeBrowserTest" time="4.328"/>
</testsuite> <!-- com.WebDriver.Comments.BrowserURLexercise -->
