<?xml version="1.0" encoding="UTF-8"?>
<!-- Generated by org.testng.reporters.JUnitReportReporter -->
<testsuite hostname="MANISH_YADAV" failures="0" tests="3" name="com.WebDriver.Comments.BrowserComments" time="15.299" errors="0" timestamp="2026-07-14T15:31:33 IST" skipped="0">
  <testcase classname="com.WebDriver.Comments.BrowserComments" name="EdgeBrowserTest" time="3.582"/>
  <testcase classname="com.WebDriver.Comments.BrowserComments" name="FirefoxBrowserTest" time="7.083"/>
  <testcase classname="com.WebDriver.Comments.BrowserComments" name="ChromeBrowserTest" time="4.634"/>
</testsuite> <!-- com.WebDriver.Comments.BrowserComments -->
