<?xml version="1.0" encoding="UTF-8"?>
<!-- Generated by org.testng.reporters.JUnitReportReporter -->
<testsuite hostname="MANISH_YADAV" failures="0" tests="1" name="Selenium_WebDriver_Multiple_frames.Selenium_WebDriver_Multiple_frames" time="86.639" errors="0" timestamp="2026-07-17T14:24:23 IST" skipped="0">
  <testcase classname="Selenium_WebDriver_Multiple_frames.Selenium_WebDriver_Multiple_frames" name="Frames" time="86.639"/>
</testsuite> <!-- Selenium_WebDriver_Multiple_frames.Selenium_WebDriver_Multiple_frames -->
