<?xml version="1.0" encoding="UTF-8"?>
<testng-results ignored="0" total="1" passed="1" failed="0" skipped="0">
  <reporter-output>
  </reporter-output>
  <suite started-at="2026-07-20T14:03:25 IST" name="Default suite" finished-at="2026-07-20T14:03:42 IST" duration-ms="17288">
    <groups>
    </groups>
    <test started-at="2026-07-20T14:03:25 IST" name="Default test" finished-at="2026-07-20T14:03:42 IST" duration-ms="17288">
      <class name="com.Framework.TestCase.LoginOraganHRM">
        <test-method is-config="true" signature="setup()[pri:0, instance:com.Framework.TestCase.LoginOraganHRM@2f67a4d3]" started-at="2026-07-20T14:03:24 IST" name="setup" finished-at="2026-07-20T14:03:25 IST" duration-ms="818" status="PASS">
          <reporter-output>
          </reporter-output>
        </test-method> <!-- setup -->
        <test-method is-config="true" signature="BrowserTest()[pri:0, instance:com.Framework.TestCase.LoginOraganHRM@2f67a4d3]" started-at="2026-07-20T14:03:25 IST" name="BrowserTest" finished-at="2026-07-20T14:03:28 IST" duration-ms="3367" status="PASS">
          <reporter-output>
          </reporter-output>
        </test-method> <!-- BrowserTest -->
        <test-method signature="loginApp()[pri:0, instance:com.Framework.TestCase.LoginOraganHRM@2f67a4d3]" started-at="2026-07-20T14:03:28 IST" name="loginApp" finished-at="2026-07-20T14:03:41 IST" duration-ms="13020" status="PASS">
          <reporter-output>
          </reporter-output>
        </test-method> <!-- loginApp -->
        <test-method is-config="true" signature="tearDownMethod(org.testng.ITestResult)[pri:0, instance:com.Framework.TestCase.LoginOraganHRM@2f67a4d3]" started-at="2026-07-20T14:03:41 IST" name="tearDownMethod" finished-at="2026-07-20T14:03:41 IST" duration-ms="3" status="PASS">
          <params>
            <param index="0">
              <value>
                <![CDATA[[TestResult name=loginApp status=SUCCESS method=LoginOraganHRM.loginApp()[pri:0, instance:com.Framework.TestCase.LoginOraganHRM@2f67a4d3] output={null}]]]>
              </value>
            </param>
          </params>
          <reporter-output>
          </reporter-output>
        </test-method> <!-- tearDownMethod -->
        <test-method is-config="true" signature="tearDown()[pri:0, instance:com.Framework.TestCase.LoginOraganHRM@2f67a4d3]" started-at="2026-07-20T14:03:41 IST" name="tearDown" finished-at="2026-07-20T14:03:42 IST" duration-ms="740" status="PASS">
          <reporter-output>
          </reporter-output>
        </test-method> <!-- tearDown -->
      </class> <!-- com.Framework.TestCase.LoginOraganHRM -->
    </test> <!-- Default test -->
  </suite> <!-- Default suite -->
</testng-results>
