<?xml version="1.0" encoding="UTF-8"?>
<!-- Generated by org.testng.reporters.JUnitReportReporter -->
<testsuite hostname="MANISH_YADAV" failures="0" tests="3" name="com.Jenkins_CICD_DemoTest.BrowserTitleExercise" time="14.190" errors="0" timestamp="2026-07-20T16:05:53 IST" skipped="0">
  <testcase classname="com.Jenkins_CICD_DemoTest.BrowserTitleExercise" name="ChromeBrowserTest" time="5.217"/>
  <testcase classname="com.Jenkins_CICD_DemoTest.BrowserTitleExercise" name="FirefoxBrowserTest" time="5.576"/>
  <testcase classname="com.Jenkins_CICD_DemoTest.BrowserTitleExercise" name="EdgeBrowserTest" time="3.397"/>
</testsuite> <!-- com.Jenkins_CICD_DemoTest.BrowserTitleExercise -->
