<?xml version="1.0" encoding="UTF-8"?>
<!-- Generated by org.testng.reporters.JUnitReportReporter -->
<testsuite hostname="MANISH_YADAV" failures="0" tests="3" name="com.Jenkins_CICD_DemoTest.BrowserURLexercise" time="60.399" errors="0" timestamp="2026-07-20T16:05:53 IST" skipped="0">
  <testcase classname="com.Jenkins_CICD_DemoTest.BrowserURLexercise" name="ChromeBrowserTest" time="15.635"/>
  <testcase classname="com.Jenkins_CICD_DemoTest.BrowserURLexercise" name="FirefoxBrowserTest" time="19.668"/>
  <testcase classname="com.Jenkins_CICD_DemoTest.BrowserURLexercise" name="EdgeBrowserTest" time="25.096"/>
</testsuite> <!-- com.Jenkins_CICD_DemoTest.BrowserURLexercise -->
