<?xml version="1.0" encoding="UTF-8"?>
<!-- Generated by org.testng.reporters.JUnitReportReporter -->
<testsuite hostname="MANISH_YADAV" failures="0" tests="7" name="com.Jenkins_CICD_DemoTest.Jenkins_CICD_Test" time="70.845" errors="0" timestamp="2026-07-21T10:25:24 IST" skipped="0">
  <testcase classname="com.Jenkins_CICD_DemoTest.Jenkins_CICD_Test" name="ChromeBrowserTest" time="4.054"/>
  <testcase classname="com.Jenkins_CICD_DemoTest.Jenkins_CICD_Test" name="FirefoxBrowserTest" time="5.629"/>
  <testcase classname="com.Jenkins_CICD_DemoTest.Jenkins_CICD_Test" name="EdgeBrowserTest" time="19.316"/>
  <testcase classname="com.Jenkins_CICD_DemoTest.Jenkins_CICD_Test" name="ChromeBrowserTitleValidation" time="6.699"/>
  <testcase classname="com.Jenkins_CICD_DemoTest.Jenkins_CICD_Test" name="FirefoxBrowserTitleValidation" time="6.238"/>
  <testcase classname="com.Jenkins_CICD_DemoTest.Jenkins_CICD_Test" name="EdgeBrowserTitleValidation" time="5.726"/>
  <testcase classname="com.Jenkins_CICD_DemoTest.Jenkins_CICD_Test" name="PurchaseProduct" time="23.183"/>
</testsuite> <!-- com.Jenkins_CICD_DemoTest.Jenkins_CICD_Test -->
