<?xml version="1.0" encoding="UTF-8"?>
<!-- Generated by org.testng.reporters.JUnitReportReporter -->
<testsuite hostname="MANISH_YADAV" failures="0" tests="3" name="com.Jenkins_CICD_DemoTest.BrowserComments" time="73.117" errors="0" timestamp="2026-07-20T16:05:53 IST" skipped="0">
  <testcase classname="com.Jenkins_CICD_DemoTest.BrowserComments" name="ChromeBrowserTest" time="24.439"/>
  <testcase classname="com.Jenkins_CICD_DemoTest.BrowserComments" name="FirefoxBrowserTest" time="16.299"/>
  <testcase classname="com.Jenkins_CICD_DemoTest.BrowserComments" name="EdgeBrowserTest" time="32.379"/>
</testsuite> <!-- com.Jenkins_CICD_DemoTest.BrowserComments -->
