<?xml version="1.0" encoding="UTF-8"?>
<testng-results ignored="0" total="1" passed="1" failed="0" skipped="0">
  <reporter-output>
  </reporter-output>
  <suite started-at="2026-07-18T10:21:16 IST" name="Default suite" finished-at="2026-07-18T10:21:36 IST" duration-ms="19586">
    <groups>
    </groups>
    <test started-at="2026-07-18T10:21:16 IST" name="Default test" finished-at="2026-07-18T10:21:36 IST" duration-ms="19586">
      <class name="com.Selenium_WebDriver_Actions.MouseOverMoments">
        <test-method signature="mouseover()[pri:0, instance:com.Selenium_WebDriver_Actions.MouseOverMoments@18078bef]" started-at="2026-07-18T10:21:16 IST" name="mouseover" finished-at="2026-07-18T10:21:36 IST" duration-ms="19500" status="PASS">
          <reporter-output>
          </reporter-output>
        </test-method> <!-- mouseover -->
      </class> <!-- com.Selenium_WebDriver_Actions.MouseOverMoments -->
    </test> <!-- Default test -->
  </suite> <!-- Default suite -->
</testng-results>
