<?xml version="1.0" encoding="UTF-8"?>
<testng-results ignored="0" total="1" passed="1" failed="0" skipped="0">
  <reporter-output>
  </reporter-output>
  <suite started-at="2026-07-17T16:08:13 IST" name="Default suite" finished-at="2026-07-17T16:08:47 IST" duration-ms="33535">
    <groups>
    </groups>
    <test started-at="2026-07-17T16:08:13 IST" name="Default test" finished-at="2026-07-17T16:08:47 IST" duration-ms="33535">
      <class name="com.Selenium_WebDriver_Actions.TestScrollUpandDown">
        <test-method signature="Test()[pri:0, instance:com.Selenium_WebDriver_Actions.TestScrollUpandDown@18078bef]" started-at="2026-07-17T16:08:13 IST" name="Test" finished-at="2026-07-17T16:08:47 IST" duration-ms="33499" status="PASS">
          <reporter-output>
          </reporter-output>
        </test-method> <!-- Test -->
      </class> <!-- com.Selenium_WebDriver_Actions.TestScrollUpandDown -->
    </test> <!-- Default test -->
  </suite> <!-- Default suite -->
</testng-results>
