<?xml version="1.0" encoding="UTF-8"?>
<testng-results ignored="0" total="3" passed="3" failed="0" skipped="0">
  <reporter-output>
  </reporter-output>
  <suite started-at="2026-07-15T09:20:33 IST" name="Default suite" finished-at="2026-07-15T09:22:34 IST" duration-ms="121116">
    <groups>
    </groups>
    <test started-at="2026-07-15T09:20:33 IST" name="Default test" finished-at="2026-07-15T09:22:34 IST" duration-ms="121116">
      <class name="com.WebDriver.Comments.BrowserURLexercise">
        <test-method signature="ChromeBrowserTest()[pri:0, instance:com.WebDriver.Comments.BrowserURLexercise@2a4fb17b]" started-at="2026-07-15T09:20:33 IST" name="ChromeBrowserTest" finished-at="2026-07-15T09:20:40 IST" duration-ms="6959" status="PASS">
          <reporter-output>
          </reporter-output>
        </test-method> <!-- ChromeBrowserTest -->
        <test-method signature="FirefoxBrowserTest()[pri:1, instance:com.WebDriver.Comments.BrowserURLexercise@2a4fb17b]" started-at="2026-07-15T09:20:40 IST" name="FirefoxBrowserTest" finished-at="2026-07-15T09:22:30 IST" duration-ms="109765" status="PASS">
          <reporter-output>
          </reporter-output>
        </test-method> <!-- FirefoxBrowserTest -->
        <test-method signature="EdgeBrowserTest()[pri:2, instance:com.WebDriver.Comments.BrowserURLexercise@2a4fb17b]" started-at="2026-07-15T09:22:30 IST" name="EdgeBrowserTest" finished-at="2026-07-15T09:22:34 IST" duration-ms="4328" status="PASS">
          <reporter-output>
          </reporter-output>
        </test-method> <!-- EdgeBrowserTest -->
      </class> <!-- com.WebDriver.Comments.BrowserURLexercise -->
    </test> <!-- Default test -->
  </suite> <!-- Default suite -->
</testng-results>
