<?xml version="1.0" encoding="UTF-8"?>
<!-- Generated by org.testng.reporters.JUnitXMLReporter -->
<testsuite ignored="0" hostname="MANISH_YADAV" failures="0" tests="3" name="Default test" time="121.116" errors="0" timestamp="2026-07-15T09:22:34 IST">
  <testcase classname="com.WebDriver.Comments.BrowserURLexercise" name="ChromeBrowserTest" time="6.959"/>
  <testcase classname="com.WebDriver.Comments.BrowserURLexercise" name="FirefoxBrowserTest" time="109.765"/>
  <testcase classname="com.WebDriver.Comments.BrowserURLexercise" name="EdgeBrowserTest" time="4.328"/>
</testsuite> <!-- Default test -->
