<?xml version="1.0" encoding="UTF-8"?>
<testng-results ignored="0" total="1" passed="1" failed="0" skipped="0">
  <reporter-output>
  </reporter-output>
  <suite started-at="2026-07-17T14:40:19 IST" name="Default suite" finished-at="2026-07-17T14:41:58 IST" duration-ms="99220">
    <groups>
    </groups>
    <test started-at="2026-07-17T14:40:19 IST" name="Default test" finished-at="2026-07-17T14:41:58 IST" duration-ms="99220">
      <class name="com.data_driven_using_csv_file.CSV_file_reading">
        <test-method is-config="true" signature="setup()[pri:0, instance:com.data_driven_using_csv_file.CSV_file_reading@34123d65]" started-at="2026-07-17T14:40:19 IST" name="setup" finished-at="2026-07-17T14:40:25 IST" duration-ms="6554" status="PASS">
          <reporter-output>
          </reporter-output>
        </test-method> <!-- setup -->
        <test-method signature="DDDTestingBlog()[pri:0, instance:com.data_driven_using_csv_file.CSV_file_reading@34123d65]" started-at="2026-07-17T14:40:26 IST" name="DDDTestingBlog" finished-at="2026-07-17T14:41:58 IST" duration-ms="92339" status="PASS">
          <reporter-output>
          </reporter-output>
        </test-method> <!-- DDDTestingBlog -->
        <test-method is-config="true" signature="tearDown()[pri:0, instance:com.data_driven_using_csv_file.CSV_file_reading@34123d65]" started-at="2026-07-17T14:41:58 IST" name="tearDown" finished-at="2026-07-17T14:41:58 IST" duration-ms="201" status="PASS">
          <reporter-output>
          </reporter-output>
        </test-method> <!-- tearDown -->
      </class> <!-- com.data_driven_using_csv_file.CSV_file_reading -->
    </test> <!-- Default test -->
  </suite> <!-- Default suite -->
</testng-results>
