<?xml version="1.0" encoding="UTF-8"?>
<testng-results ignored="0" total="3" passed="3" failed="0" skipped="0">
  <reporter-output>
  </reporter-output>
  <suite started-at="2026-07-15T12:04:41 IST" name="Browser Suite" finished-at="2026-07-15T12:06:36 IST" duration-ms="115077">
    <groups>
    </groups>
    <test started-at="2026-07-15T12:04:41 IST" name="Chrome Test" finished-at="2026-07-15T12:05:04 IST" duration-ms="23566">
      <class name="com.WebDriver_Navigation_Commands.BrowserNavigationTest">
        <test-method is-config="true" signature="setup(java.lang.String)[pri:0, instance:com.WebDriver_Navigation_Commands.BrowserNavigationTest@4d5d943d]" started-at="2026-07-15T12:04:41 IST" name="setup" finished-at="2026-07-15T12:04:43 IST" duration-ms="1824" status="PASS">
          <params>
            <param index="0">
              <value>
                <![CDATA[chrome]]>
              </value>
            </param>
          </params>
          <reporter-output>
          </reporter-output>
        </test-method> <!-- setup -->
        <test-method signature="navigationTest()[pri:0, instance:com.WebDriver_Navigation_Commands.BrowserNavigationTest@4d5d943d]" started-at="2026-07-15T12:04:43 IST" name="navigationTest" finished-at="2026-07-15T12:05:03 IST" duration-ms="20540" status="PASS">
          <reporter-output>
          </reporter-output>
        </test-method> <!-- navigationTest -->
        <test-method is-config="true" signature="tearDown()[pri:0, instance:com.WebDriver_Navigation_Commands.BrowserNavigationTest@4d5d943d]" started-at="2026-07-15T12:05:03 IST" name="tearDown" finished-at="2026-07-15T12:05:04 IST" duration-ms="1153" status="PASS">
          <reporter-output>
          </reporter-output>
        </test-method> <!-- tearDown -->
      </class> <!-- com.WebDriver_Navigation_Commands.BrowserNavigationTest -->
    </test> <!-- Chrome Test -->
    <test started-at="2026-07-15T12:05:04 IST" name="Firefox Test" finished-at="2026-07-15T12:06:05 IST" duration-ms="60663">
      <class name="com.WebDriver_Navigation_Commands.BrowserNavigationTest">
        <test-method is-config="true" signature="setup(java.lang.String)[pri:0, instance:com.WebDriver_Navigation_Commands.BrowserNavigationTest@302552ec]" started-at="2026-07-15T12:05:04 IST" name="setup" finished-at="2026-07-15T12:05:08 IST" duration-ms="4118" status="PASS">
          <params>
            <param index="0">
              <value>
                <![CDATA[firefox]]>
              </value>
            </param>
          </params>
          <reporter-output>
          </reporter-output>
        </test-method> <!-- setup -->
        <test-method signature="navigationTest()[pri:0, instance:com.WebDriver_Navigation_Commands.BrowserNavigationTest@302552ec]" started-at="2026-07-15T12:05:08 IST" name="navigationTest" finished-at="2026-07-15T12:06:04 IST" duration-ms="55555" status="PASS">
          <reporter-output>
          </reporter-output>
        </test-method> <!-- navigationTest -->
        <test-method is-config="true" signature="tearDown()[pri:0, instance:com.WebDriver_Navigation_Commands.BrowserNavigationTest@302552ec]" started-at="2026-07-15T12:06:04 IST" name="tearDown" finished-at="2026-07-15T12:06:05 IST" duration-ms="982" status="PASS">
          <reporter-output>
          </reporter-output>
        </test-method> <!-- tearDown -->
      </class> <!-- com.WebDriver_Navigation_Commands.BrowserNavigationTest -->
    </test> <!-- Firefox Test -->
    <test started-at="2026-07-15T12:06:05 IST" name="Edge Test" finished-at="2026-07-15T12:06:36 IST" duration-ms="30754">
      <class name="com.WebDriver_Navigation_Commands.BrowserNavigationTest">
        <test-method is-config="true" signature="setup(java.lang.String)[pri:0, instance:com.WebDriver_Navigation_Commands.BrowserNavigationTest@40005471]" started-at="2026-07-15T12:06:05 IST" name="setup" finished-at="2026-07-15T12:06:07 IST" duration-ms="1613" status="PASS">
          <params>
            <param index="0">
              <value>
                <![CDATA[edge]]>
              </value>
            </param>
          </params>
          <reporter-output>
          </reporter-output>
        </test-method> <!-- setup -->
        <test-method signature="navigationTest()[pri:0, instance:com.WebDriver_Navigation_Commands.BrowserNavigationTest@40005471]" started-at="2026-07-15T12:06:07 IST" name="navigationTest" finished-at="2026-07-15T12:06:36 IST" duration-ms="28890" status="PASS">
          <reporter-output>
          </reporter-output>
        </test-method> <!-- navigationTest -->
        <test-method is-config="true" signature="tearDown()[pri:0, instance:com.WebDriver_Navigation_Commands.BrowserNavigationTest@40005471]" started-at="2026-07-15T12:06:36 IST" name="tearDown" finished-at="2026-07-15T12:06:36 IST" duration-ms="247" status="PASS">
          <reporter-output>
          </reporter-output>
        </test-method> <!-- tearDown -->
      </class> <!-- com.WebDriver_Navigation_Commands.BrowserNavigationTest -->
    </test> <!-- Edge Test -->
  </suite> <!-- Browser Suite -->
</testng-results>
