<?xml version="1.0" encoding="UTF-8"?>
<!-- Generated by org.testng.reporters.JUnitReportReporter -->
<testsuite hostname="MANISH_YADAV" failures="0" tests="1" name="listbox_or_dropdown_options.Selenium_Webdriver_dropdown_box" time="20.760" errors="0" timestamp="2026-07-17T10:53:09 IST" skipped="0">
  <testcase classname="listbox_or_dropdown_options.Selenium_Webdriver_dropdown_box" name="DropDownList" time="20.760"/>
</testsuite> <!-- listbox_or_dropdown_options.Selenium_Webdriver_dropdown_box -->
