<?xml version="1.0" encoding="UTF-8"?>
<testng-results ignored="0" total="7" passed="7" failed="0" skipped="0">
  <reporter-output>
  </reporter-output>
  <suite started-at="2026-07-21T10:24:12 IST" name="Suite" finished-at="2026-07-21T10:25:23 IST" duration-ms="71137">
    <groups>
    </groups>
    <test started-at="2026-07-21T10:24:12 IST" name="Test" finished-at="2026-07-21T10:25:23 IST" duration-ms="71137">
      <class name="com.Jenkins_CICD_DemoTest.Jenkins_CICD_Test">
        <test-method signature="ChromeBrowserTest()[pri:0, instance:com.Jenkins_CICD_DemoTest.Jenkins_CICD_Test@1500b2f3]" started-at="2026-07-21T10:24:12 IST" name="ChromeBrowserTest" finished-at="2026-07-21T10:24:16 IST" duration-ms="3866" status="PASS">
          <reporter-output>
          </reporter-output>
        </test-method> <!-- ChromeBrowserTest -->
        <test-method is-config="true" signature="closeBrowser()[pri:0, instance:com.Jenkins_CICD_DemoTest.Jenkins_CICD_Test@1500b2f3]" started-at="2026-07-21T10:24:16 IST" name="closeBrowser" finished-at="2026-07-21T10:24:17 IST" duration-ms="190" status="PASS">
          <reporter-output>
          </reporter-output>
        </test-method> <!-- closeBrowser -->
        <test-method signature="FirefoxBrowserTest()[pri:1, instance:com.Jenkins_CICD_DemoTest.Jenkins_CICD_Test@1500b2f3]" started-at="2026-07-21T10:24:17 IST" name="FirefoxBrowserTest" finished-at="2026-07-21T10:24:22 IST" duration-ms="4901" status="PASS">
          <reporter-output>
          </reporter-output>
        </test-method> <!-- FirefoxBrowserTest -->
        <test-method is-config="true" signature="closeBrowser()[pri:0, instance:com.Jenkins_CICD_DemoTest.Jenkins_CICD_Test@1500b2f3]" started-at="2026-07-21T10:24:22 IST" name="closeBrowser" finished-at="2026-07-21T10:24:22 IST" duration-ms="728" status="PASS">
          <reporter-output>
          </reporter-output>
        </test-method> <!-- closeBrowser -->
        <test-method signature="EdgeBrowserTest()[pri:2, instance:com.Jenkins_CICD_DemoTest.Jenkins_CICD_Test@1500b2f3]" started-at="2026-07-21T10:24:22 IST" name="EdgeBrowserTest" finished-at="2026-07-21T10:24:41 IST" duration-ms="19160" status="PASS">
          <reporter-output>
          </reporter-output>
        </test-method> <!-- EdgeBrowserTest -->
        <test-method is-config="true" signature="closeBrowser()[pri:0, instance:com.Jenkins_CICD_DemoTest.Jenkins_CICD_Test@1500b2f3]" started-at="2026-07-21T10:24:41 IST" name="closeBrowser" finished-at="2026-07-21T10:24:42 IST" duration-ms="158" status="PASS">
          <reporter-output>
          </reporter-output>
        </test-method> <!-- closeBrowser -->
        <test-method signature="ChromeBrowserTitleValidation()[pri:3, instance:com.Jenkins_CICD_DemoTest.Jenkins_CICD_Test@1500b2f3]" started-at="2026-07-21T10:24:42 IST" name="ChromeBrowserTitleValidation" finished-at="2026-07-21T10:24:48 IST" duration-ms="6509" status="PASS">
          <reporter-output>
          </reporter-output>
        </test-method> <!-- ChromeBrowserTitleValidation -->
        <test-method is-config="true" signature="closeBrowser()[pri:0, instance:com.Jenkins_CICD_DemoTest.Jenkins_CICD_Test@1500b2f3]" started-at="2026-07-21T10:24:48 IST" name="closeBrowser" finished-at="2026-07-21T10:24:48 IST" duration-ms="156" status="PASS">
          <reporter-output>
          </reporter-output>
        </test-method> <!-- closeBrowser -->
        <test-method signature="FirefoxBrowserTitleValidation()[pri:4, instance:com.Jenkins_CICD_DemoTest.Jenkins_CICD_Test@1500b2f3]" started-at="2026-07-21T10:24:48 IST" name="FirefoxBrowserTitleValidation" finished-at="2026-07-21T10:24:54 IST" duration-ms="5366" status="PASS">
          <reporter-output>
          </reporter-output>
        </test-method> <!-- FirefoxBrowserTitleValidation -->
        <test-method is-config="true" signature="closeBrowser()[pri:0, instance:com.Jenkins_CICD_DemoTest.Jenkins_CICD_Test@1500b2f3]" started-at="2026-07-21T10:24:54 IST" name="closeBrowser" finished-at="2026-07-21T10:24:55 IST" duration-ms="872" status="PASS">
          <reporter-output>
          </reporter-output>
        </test-method> <!-- closeBrowser -->
        <test-method signature="EdgeBrowserTitleValidation()[pri:5, instance:com.Jenkins_CICD_DemoTest.Jenkins_CICD_Test@1500b2f3]" started-at="2026-07-21T10:24:55 IST" name="EdgeBrowserTitleValidation" finished-at="2026-07-21T10:25:00 IST" duration-ms="5568" status="PASS">
          <reporter-output>
          </reporter-output>
        </test-method> <!-- EdgeBrowserTitleValidation -->
        <test-method is-config="true" signature="closeBrowser()[pri:0, instance:com.Jenkins_CICD_DemoTest.Jenkins_CICD_Test@1500b2f3]" started-at="2026-07-21T10:25:00 IST" name="closeBrowser" finished-at="2026-07-21T10:25:00 IST" duration-ms="191" status="PASS">
          <reporter-output>
          </reporter-output>
        </test-method> <!-- closeBrowser -->
        <test-method signature="PurchaseProduct()[pri:6, instance:com.Jenkins_CICD_DemoTest.Jenkins_CICD_Test@1500b2f3]" started-at="2026-07-21T10:25:00 IST" name="PurchaseProduct" finished-at="2026-07-21T10:25:23 IST" duration-ms="22992" status="PASS">
          <reporter-output>
          </reporter-output>
        </test-method> <!-- PurchaseProduct -->
        <test-method is-config="true" signature="closeBrowser()[pri:0, instance:com.Jenkins_CICD_DemoTest.Jenkins_CICD_Test@1500b2f3]" started-at="2026-07-21T10:25:23 IST" name="closeBrowser" finished-at="2026-07-21T10:25:23 IST" duration-ms="188" status="PASS">
          <reporter-output>
          </reporter-output>
        </test-method> <!-- closeBrowser -->
      </class> <!-- com.Jenkins_CICD_DemoTest.Jenkins_CICD_Test -->
    </test> <!-- Test -->
  </suite> <!-- Suite -->
</testng-results>
