<?xml version="1.0" encoding="UTF-8"?>
<!-- Generated by org.testng.reporters.JUnitReportReporter -->
<testsuite hostname="MANISH_YADAV" failures="0" tests="7" name="com.Jenkins_CICD_DemoTest.Jenkins_CICD_Test" time="53.270" errors="0" timestamp="2026-07-21T11:17:23 IST" skipped="0">
  <testcase classname="com.Jenkins_CICD_DemoTest.Jenkins_CICD_Test" name="ChromeBrowserTest" time="5.880"/>
  <testcase classname="com.Jenkins_CICD_DemoTest.Jenkins_CICD_Test" name="FirefoxBrowserTest" time="9.555"/>
  <testcase classname="com.Jenkins_CICD_DemoTest.Jenkins_CICD_Test" name="EdgeBrowserTest" time="4.010"/>
  <testcase classname="com.Jenkins_CICD_DemoTest.Jenkins_CICD_Test" name="ChromeBrowserTitleValidation" time="3.064"/>
  <testcase classname="com.Jenkins_CICD_DemoTest.Jenkins_CICD_Test" name="FirefoxBrowserTitleValidation" time="6.554"/>
  <testcase classname="com.Jenkins_CICD_DemoTest.Jenkins_CICD_Test" name="EdgeBrowserTitleValidation" time="6.375"/>
  <testcase classname="com.Jenkins_CICD_DemoTest.Jenkins_CICD_Test" name="PurchaseProduct" time="17.832"/>
</testsuite> <!-- com.Jenkins_CICD_DemoTest.Jenkins_CICD_Test -->
