<?xml version="1.0" encoding="UTF-8"?>
<!-- Generated by org.testng.reporters.JUnitReportReporter -->
<testsuite hostname="MANISH_YADAV" failures="0" tests="3" name="com.WebDriver.Comments.BrowserTitleExercise" time="18.470" errors="0" timestamp="2026-07-20T14:30:54 IST" skipped="0">
  <testcase classname="com.WebDriver.Comments.BrowserTitleExercise" name="ChromeBrowserTest" time="3.867"/>
  <testcase classname="com.WebDriver.Comments.BrowserTitleExercise" name="FirefoxBrowserTest" time="8.157"/>
  <testcase classname="com.WebDriver.Comments.BrowserTitleExercise" name="EdgeBrowserTest" time="6.446"/>
</testsuite> <!-- com.WebDriver.Comments.BrowserTitleExercise -->
