<?xml version="1.0" encoding="UTF-8"?>
<!-- Generated by org.testng.reporters.JUnitReportReporter -->
<testsuite hostname="MANISH_YADAV" failures="0" tests="3" name="com.WebDriver.Comments.BrowserComments" time="15.922" errors="0" timestamp="2026-07-20T14:30:54 IST" skipped="0">
  <testcase classname="com.WebDriver.Comments.BrowserComments" name="ChromeBrowserTest" time="3.607"/>
  <testcase classname="com.WebDriver.Comments.BrowserComments" name="FirefoxBrowserTest" time="8.517"/>
  <testcase classname="com.WebDriver.Comments.BrowserComments" name="EdgeBrowserTest" time="3.798"/>
</testsuite> <!-- com.WebDriver.Comments.BrowserComments -->
