<?xml version="1.0" encoding="UTF-8"?>
<!-- Generated by org.testng.reporters.JUnitReportReporter -->
<testsuite hostname="MANISH_YADAV" failures="0" tests="4" name="com.WebDriver_Navigation_Commands.Chrome_Navigation_commands" time="21.753" errors="0" timestamp="2026-07-20T14:30:54 IST" skipped="0">
  <testcase classname="com.WebDriver_Navigation_Commands.Chrome_Navigation_commands" name="NavigateDemo" time="2.766"/>
  <testcase classname="com.WebDriver_Navigation_Commands.Chrome_Navigation_commands" name="NavigateBackDemo" time="6.194"/>
  <testcase classname="com.WebDriver_Navigation_Commands.Chrome_Navigation_commands" name="NavigateForwardDemo" time="8.233"/>
  <testcase classname="com.WebDriver_Navigation_Commands.Chrome_Navigation_commands" name="NavigateRefreshDemo" time="4.560"/>
</testsuite> <!-- com.WebDriver_Navigation_Commands.Chrome_Navigation_commands -->
