<?xml version="1.0" encoding="UTF-8"?>
<!-- Generated by org.testng.reporters.JUnitReportReporter -->
<testsuite hostname="MANISH_YADAV" failures="0" tests="3" name="com.WebDriver.Comments.BrowserURLexercise" time="19.706" errors="0" timestamp="2026-07-20T14:30:54 IST" skipped="0">
  <testcase classname="com.WebDriver.Comments.BrowserURLexercise" name="ChromeBrowserTest" time="4.274"/>
  <testcase classname="com.WebDriver.Comments.BrowserURLexercise" name="FirefoxBrowserTest" time="10.683"/>
  <testcase classname="com.WebDriver.Comments.BrowserURLexercise" name="EdgeBrowserTest" time="4.749"/>
</testsuite> <!-- com.WebDriver.Comments.BrowserURLexercise -->
