<?xml version="1.0" encoding="UTF-8"?>
<testng-results ignored="0" total="1" passed="1" failed="0" skipped="0">
  <reporter-output>
  </reporter-output>
  <suite started-at="2026-07-27T11:22:39 IST" name="Default suite" finished-at="2026-07-27T11:22:41 IST" duration-ms="2672">
    <groups>
    </groups>
    <test started-at="2026-07-27T11:22:39 IST" name="Default test" finished-at="2026-07-27T11:22:41 IST" duration-ms="2672">
      <class name="Rest_Assured_postman_example.CompletePutPostTest">
        <test-method is-config="true" signature="setup()[pri:0, instance:Rest_Assured_postman_example.CompletePutPostTest@ba2f4ec]" started-at="2026-07-27T11:22:39 IST" name="setup" finished-at="2026-07-27T11:22:39 IST" duration-ms="324" status="PASS">
          <reporter-output>
          </reporter-output>
        </test-method> <!-- setup -->
        <test-method signature="testPostRequestComplete()[pri:1, instance:Rest_Assured_postman_example.CompletePutPostTest@ba2f4ec]" started-at="2026-07-27T11:22:39 IST" name="testPostRequestComplete" finished-at="2026-07-27T11:22:41 IST" duration-ms="2319" status="PASS">
          <reporter-output>
          </reporter-output>
        </test-method> <!-- testPostRequestComplete -->
      </class> <!-- Rest_Assured_postman_example.CompletePutPostTest -->
    </test> <!-- Default test -->
  </suite> <!-- Default suite -->
</testng-results>
