<?xml version="1.0" encoding="UTF-8"?>
<testng-results ignored="0" total="1" passed="1" failed="0" skipped="0">
  <reporter-output>
  </reporter-output>
  <suite started-at="2026-07-16T22:16:47 IST" name="Default suite" finished-at="2026-07-16T22:17:47 IST" duration-ms="60565">
    <groups>
    </groups>
    <test started-at="2026-07-16T22:16:47 IST" name="Default test" finished-at="2026-07-16T22:17:47 IST" duration-ms="60565">
      <class name="Selenium_WebDriver_Alerts_Ex.JavaScriptAlerts">
        <test-method signature="TestPopups()[pri:0, instance:Selenium_WebDriver_Alerts_Ex.JavaScriptAlerts@49e53c76]" started-at="2026-07-16T22:16:47 IST" name="TestPopups" finished-at="2026-07-16T22:17:47 IST" duration-ms="60505" status="PASS">
          <reporter-output>
          </reporter-output>
        </test-method> <!-- TestPopups -->
      </class> <!-- Selenium_WebDriver_Alerts_Ex.JavaScriptAlerts -->
    </test> <!-- Default test -->
  </suite> <!-- Default suite -->
</testng-results>
