<?xml version="1.0" encoding="UTF-8"?>
<!-- Generated by org.testng.reporters.JUnitReportReporter -->
<testsuite hostname="MANISH_YADAV" failures="0" tests="4" name="com.WebDriver_Navigation_Commands.Chrome_Navigation_commands" time="23.126" errors="0" timestamp="2026-07-15T10:37:30 IST" skipped="0">
  <testcase classname="com.WebDriver_Navigation_Commands.Chrome_Navigation_commands" name="NavigateDemo" time="3.468"/>
  <testcase classname="com.WebDriver_Navigation_Commands.Chrome_Navigation_commands" name="NavigateBackDemo" time="5.760"/>
  <testcase classname="com.WebDriver_Navigation_Commands.Chrome_Navigation_commands" name="NavigateForwardDemo" time="9.148"/>
  <testcase classname="com.WebDriver_Navigation_Commands.Chrome_Navigation_commands" name="NavigateRefreshDemo" time="4.750"/>
</testsuite> <!-- com.WebDriver_Navigation_Commands.Chrome_Navigation_commands -->
