<?xml version="1.0" encoding="UTF-8"?>
<!-- Generated by org.testng.reporters.JUnitReportReporter -->
<testsuite hostname="MANISH_YADAV" failures="0" tests="3" name="com.WebDriver_Navigation_Commands.BrowserNavigationTest" time="114.922" errors="0" timestamp="2026-07-15T12:06:36 IST" skipped="0">
  <testcase classname="com.WebDriver_Navigation_Commands.BrowserNavigationTest" name="navigationTest" time="60.655"/>
  <testcase classname="com.WebDriver_Navigation_Commands.BrowserNavigationTest" name="navigationTest" time="30.750"/>
  <testcase classname="com.WebDriver_Navigation_Commands.BrowserNavigationTest" name="navigationTest" time="23.517"/>
</testsuite> <!-- com.WebDriver_Navigation_Commands.BrowserNavigationTest -->
