<?xml version="1.0" encoding="UTF-8"?>
<testng-results ignored="0" total="1" passed="1" failed="0" skipped="0">
  <reporter-output>
  </reporter-output>
  <suite started-at="2026-07-28T20:48:38 IST" name="Default suite" finished-at="2026-07-28T20:48:40 IST" duration-ms="2225">
    <groups>
    </groups>
    <test started-at="2026-07-28T20:48:38 IST" name="Default test" finished-at="2026-07-28T20:48:40 IST" duration-ms="2225">
      <class name="restAssuredTest.PatchMethodRequest">
        <test-method signature="patchPost()[pri:0, instance:restAssuredTest.PatchMethodRequest@7f3b84b8]" started-at="2026-07-28T20:48:38 IST" name="patchPost" finished-at="2026-07-28T20:48:40 IST" duration-ms="2194" status="PASS">
          <reporter-output>
          </reporter-output>
        </test-method> <!-- patchPost -->
      </class> <!-- restAssuredTest.PatchMethodRequest -->
    </test> <!-- Default test -->
  </suite> <!-- Default suite -->
</testng-results>
