<?xml version="1.0" encoding="UTF-8"?>
<testng-results ignored="0" total="1" passed="1" failed="0" skipped="0">
  <reporter-output>
  </reporter-output>
  <suite started-at="2026-07-17T14:22:57 IST" name="Default suite" finished-at="2026-07-17T14:24:23 IST" duration-ms="86694">
    <groups>
    </groups>
    <test started-at="2026-07-17T14:22:57 IST" name="Default test" finished-at="2026-07-17T14:24:23 IST" duration-ms="86694">
      <class name="Selenium_WebDriver_Multiple_frames.Selenium_WebDriver_Multiple_frames">
        <test-method signature="Frames()[pri:0, instance:Selenium_WebDriver_Multiple_frames.Selenium_WebDriver_Multiple_frames@49e53c76]" started-at="2026-07-17T14:22:57 IST" name="Frames" finished-at="2026-07-17T14:24:23 IST" duration-ms="86639" status="PASS">
          <reporter-output>
          </reporter-output>
        </test-method> <!-- Frames -->
      </class> <!-- Selenium_WebDriver_Multiple_frames.Selenium_WebDriver_Multiple_frames -->
    </test> <!-- Default test -->
  </suite> <!-- Default suite -->
</testng-results>
