<?xml version="1.0" encoding="UTF-8"?>
<testng-results ignored="0" total="2" passed="2" failed="0" skipped="0">
  <reporter-output>
  </reporter-output>
  <suite started-at="2026-07-28T19:29:55 IST" name="Suite" finished-at="2026-07-28T19:32:03 IST" duration-ms="127730">
    <groups>
    </groups>
    <test started-at="2026-07-28T19:29:55 IST" name="Test" finished-at="2026-07-28T19:32:03 IST" duration-ms="127730">
      <class name="com.Test_Cases_swag_labs.CSVLoginTest">
        <test-method signature="DDTLoginTest()[pri:0, instance:com.Test_Cases_swag_labs.CSVLoginTest@60f00693]" started-at="2026-07-28T19:31:12 IST" name="DDTLoginTest" finished-at="2026-07-28T19:32:03 IST" duration-ms="51413" status="PASS">
          <reporter-output>
          </reporter-output>
        </test-method> <!-- DDTLoginTest -->
      </class> <!-- com.Test_Cases_swag_labs.CSVLoginTest -->
      <class name="com.Test_Cases_swag_labs.ProductPurchaseTest">
        <test-method signature="purchaseProduct()[pri:0, instance:com.Test_Cases_swag_labs.ProductPurchaseTest@4d14b6c2]" started-at="2026-07-28T19:29:56 IST" name="purchaseProduct" finished-at="2026-07-28T19:31:12 IST" duration-ms="76169" status="PASS">
          <reporter-output>
          </reporter-output>
        </test-method> <!-- purchaseProduct -->
      </class> <!-- com.Test_Cases_swag_labs.ProductPurchaseTest -->
    </test> <!-- Test -->
  </suite> <!-- Suite -->
</testng-results>
