<?xml version="1.0" encoding="UTF-8"?>
<!-- Generated by org.testng.reporters.JUnitXMLReporter -->
<testsuite ignored="0" hostname="MANISH_YADAV" failures="0" tests="18" name="Test" time="192.436" errors="0" timestamp="2026-07-20T14:30:54 IST">
  <testcase classname="com.WebDriver_Navigation_Commands.BrowserNavigationTest" name="@BeforeMethod setup" time="-1.784538054048E9">
    <failure type="org.testng.TestNGException" message="
Parameter &amp;apos;browser&amp;apos; is required by BeforeMethod on method setup but has not been marked @Optional or defined
in C:\Coforge_Automation_testing\Selenium_webdriver_AllureReports\testng.xml">
      <![CDATA[org.testng.TestNGException: 
Parameter 'browser' is required by BeforeMethod on method setup but has not been marked @Optional or defined
in C:\Coforge_Automation_testing\Selenium_webdriver_AllureReports\testng.xml
at java.base/java.util.ArrayList.forEach(ArrayList.java:1596)
... Removed 28 stack frames]]>
    </failure>
  </testcase> <!-- @BeforeMethod setup -->
  <testcase classname="com.WebDriver_Navigation_Commands.BrowserNavigationTest" name="@AfterMethod tearDown" time="0.0">
    <skipped/>
  </testcase> <!-- @AfterMethod tearDown -->
  <testcase classname="com.WebDriver.Comments.BrowserTitleExercise" name="ChromeBrowserTest" time="3.867"/>
  <testcase classname="com.WebDriver.Comments.BrowserTitleExercise" name="FirefoxBrowserTest" time="8.157"/>
  <testcase classname="com.WebDriver.Comments.BrowserTitleExercise" name="EdgeBrowserTest" time="6.446"/>
  <testcase classname="com.ScreenShots_TaskCaseStudies.ScreenshotExampleTask81" name="PurchaseProduct" time="39.076"/>
  <testcase classname="com.WebDriver.Comments.BrowserComments" name="ChromeBrowserTest" time="3.607"/>
  <testcase classname="com.WebDriver.Comments.BrowserComments" name="FirefoxBrowserTest" time="8.517"/>
  <testcase classname="com.WebDriver.Comments.BrowserComments" name="EdgeBrowserTest" time="3.798"/>
  <testcase classname="com.Selenium_WebDriver_Actions.MouseOverMoments" name="mouseover" time="22.297"/>
  <testcase classname="com.WebDriver_Navigation_Commands.Chrome_Navigation_commands" name="NavigateDemo" time="2.766"/>
  <testcase classname="com.WebDriver_Navigation_Commands.Chrome_Navigation_commands" name="NavigateBackDemo" time="6.194"/>
  <testcase classname="com.WebDriver_Navigation_Commands.Chrome_Navigation_commands" name="NavigateForwardDemo" time="8.233"/>
  <testcase classname="com.WebDriver_Navigation_Commands.Chrome_Navigation_commands" name="NavigateRefreshDemo" time="4.56"/>
  <testcase classname="listbox_or_dropdown_options.Selenium_Webdriver_dropdown_box" name="DropDownList" time="20.762"/>
  <testcase classname="com.Selenium_WebDriver_Actions.TestScrollUpandDown" name="Test" time="27.45"/>
  <testcase classname="com.WebDriver.Comments.BrowserURLexercise" name="ChromeBrowserTest" time="4.274"/>
  <testcase classname="com.WebDriver.Comments.BrowserURLexercise" name="FirefoxBrowserTest" time="10.683"/>
  <testcase classname="com.WebDriver.Comments.BrowserURLexercise" name="EdgeBrowserTest" time="4.749"/>
  <testcase classname="com.WebDriver_Navigation_Commands.BrowserNavigationTest" name="navigationTest" time="0.0">
    <skipped/>
  </testcase> <!-- navigationTest -->
</testsuite> <!-- Test -->
