<?xml version="1.0" encoding="UTF-8"?>
<!-- Generated by org.testng.reporters.JUnitXMLReporter -->
<testsuite ignored="0" hostname="MANISH_YADAV" failures="0" tests="7" name="Test" time="71.137" errors="0" timestamp="2026-07-21T10:25:23 IST">
  <testcase classname="com.Jenkins_CICD_DemoTest.Jenkins_CICD_Test" name="ChromeBrowserTest" time="3.866"/>
  <testcase classname="com.Jenkins_CICD_DemoTest.Jenkins_CICD_Test" name="FirefoxBrowserTest" time="4.901"/>
  <testcase classname="com.Jenkins_CICD_DemoTest.Jenkins_CICD_Test" name="EdgeBrowserTest" time="19.16"/>
  <testcase classname="com.Jenkins_CICD_DemoTest.Jenkins_CICD_Test" name="ChromeBrowserTitleValidation" time="6.509"/>
  <testcase classname="com.Jenkins_CICD_DemoTest.Jenkins_CICD_Test" name="FirefoxBrowserTitleValidation" time="5.366"/>
  <testcase classname="com.Jenkins_CICD_DemoTest.Jenkins_CICD_Test" name="EdgeBrowserTitleValidation" time="5.568"/>
  <testcase classname="com.Jenkins_CICD_DemoTest.Jenkins_CICD_Test" name="PurchaseProduct" time="22.992"/>
</testsuite> <!-- Test -->
